app/code/local/Xcentia/Projects/Block/Adminhtml/Attachment.php
app/code/local/Xcentia/Projects/Block/Adminhtml/Attachment/Edit.php
app/code/local/Xcentia/Projects/Block/Adminhtml/Attachment/Edit/Form.php
app/code/local/Xcentia/Projects/Block/Adminhtml/Attachment/Edit/Tab/Form.php
app/code/local/Xcentia/Projects/Block/Adminhtml/Attachment/Edit/Tabs.php
app/code/local/Xcentia/Projects/Block/Adminhtml/Attachment/Grid.php
app/code/local/Xcentia/Projects/Block/Adminhtml/Bid.php
app/code/local/Xcentia/Projects/Block/Adminhtml/Bid/Edit.php
app/code/local/Xcentia/Projects/Block/Adminhtml/Bid/Edit/Form.php
app/code/local/Xcentia/Projects/Block/Adminhtml/Bid/Edit/Tab/Form.php
app/code/local/Xcentia/Projects/Block/Adminhtml/Bid/Edit/Tabs.php
app/code/local/Xcentia/Projects/Block/Adminhtml/Bid/Grid.php
app/code/local/Xcentia/Projects/Block/Adminhtml/Helper/Column/Renderer/Parent.php
app/code/local/Xcentia/Projects/Block/Adminhtml/Message.php
app/code/local/Xcentia/Projects/Block/Adminhtml/Message/Edit.php
app/code/local/Xcentia/Projects/Block/Adminhtml/Message/Edit/Form.php
app/code/local/Xcentia/Projects/Block/Adminhtml/Message/Edit/Tab/Form.php
app/code/local/Xcentia/Projects/Block/Adminhtml/Message/Edit/Tabs.php
app/code/local/Xcentia/Projects/Block/Adminhtml/Message/Grid.php
app/code/local/Xcentia/Projects/Block/Adminhtml/Project.php
app/code/local/Xcentia/Projects/Block/Adminhtml/Project/Edit.php
app/code/local/Xcentia/Projects/Block/Adminhtml/Project/Edit/Form.php
app/code/local/Xcentia/Projects/Block/Adminhtml/Project/Edit/Tab/Form.php
app/code/local/Xcentia/Projects/Block/Adminhtml/Project/Edit/Tabs.php
app/code/local/Xcentia/Projects/Block/Adminhtml/Project/Grid.php
app/code/local/Xcentia/Projects/Block/Bid/List.php
app/code/local/Xcentia/Projects/Block/Message/List.php
app/code/local/Xcentia/Projects/Block/Project/Bid/List.php
app/code/local/Xcentia/Projects/Block/Project/List.php
app/code/local/Xcentia/Projects/Block/Project/Message/List.php
app/code/local/Xcentia/Projects/Block/Project/View.php
app/code/local/Xcentia/Projects/Controller/Adminhtml/Projects.php
app/code/local/Xcentia/Projects/Helper/Data.php
app/code/local/Xcentia/Projects/Helper/Project.php
app/code/local/Xcentia/Projects/Model/Adminhtml/Search/Attachment.php
app/code/local/Xcentia/Projects/Model/Attachment.php
app/code/local/Xcentia/Projects/Model/Bid.php
app/code/local/Xcentia/Projects/Model/Message.php
app/code/local/Xcentia/Projects/Model/Message/Source.php
app/code/local/Xcentia/Projects/Model/Project.php
app/code/local/Xcentia/Projects/Model/Project/Source.php
app/code/local/Xcentia/Projects/Model/Resource/Attachment.php
app/code/local/Xcentia/Projects/Model/Resource/Attachment/Collection.php
app/code/local/Xcentia/Projects/Model/Resource/Bid.php
app/code/local/Xcentia/Projects/Model/Resource/Bid/Collection.php
app/code/local/Xcentia/Projects/Model/Resource/Message.php
app/code/local/Xcentia/Projects/Model/Resource/Message/Collection.php
app/code/local/Xcentia/Projects/Model/Resource/Project.php
app/code/local/Xcentia/Projects/Model/Resource/Project/Collection.php
app/code/local/Xcentia/Projects/Model/Resource/Setup.php
app/code/local/Xcentia/Projects/controllers/Adminhtml/Projects/AttachmentController.php
app/code/local/Xcentia/Projects/controllers/Adminhtml/Projects/BidController.php
app/code/local/Xcentia/Projects/controllers/Adminhtml/Projects/MessageController.php
app/code/local/Xcentia/Projects/controllers/Adminhtml/Projects/ProjectController.php
app/code/local/Xcentia/Projects/controllers/ProjectController.php
app/code/local/Xcentia/Projects/etc/adminhtml.xml
app/code/local/Xcentia/Projects/etc/config.xml
app/code/local/Xcentia/Projects/etc/system.xml
app/code/local/Xcentia/Projects/sql/xcentia_projects_setup/install-1.0.0.php
app/design/adminhtml/default/default/layout/xcentia_projects.xml
app/design/frontend/base/default/layout/xcentia_projects.xml
app/design/frontend/base/default/template/xcentia_projects/project/bid/list.phtml
app/design/frontend/base/default/template/xcentia_projects/project/list.phtml
app/design/frontend/base/default/template/xcentia_projects/project/message/list.phtml
app/design/frontend/base/default/template/xcentia_projects/project/view.phtml
app/etc/modules/Xcentia_Projects.xml
app/locale/en_US/Xcentia_Projects.csv