app/code/local/Xcentia/Pixels/Block/Adminhtml/Object.php
app/code/local/Xcentia/Pixels/Block/Adminhtml/Object/Edit.php
app/code/local/Xcentia/Pixels/Block/Adminhtml/Object/Edit/Form.php
app/code/local/Xcentia/Pixels/Block/Adminhtml/Object/Edit/Tab/Form.php
app/code/local/Xcentia/Pixels/Block/Adminhtml/Object/Edit/Tabs.php
app/code/local/Xcentia/Pixels/Block/Adminhtml/Object/Grid.php
app/code/local/Xcentia/Pixels/Block/Adminhtml/Pixel.php
app/code/local/Xcentia/Pixels/Block/Adminhtml/Pixel/Edit.php
app/code/local/Xcentia/Pixels/Block/Adminhtml/Pixel/Edit/Form.php
app/code/local/Xcentia/Pixels/Block/Adminhtml/Pixel/Edit/Tab/Form.php
app/code/local/Xcentia/Pixels/Block/Adminhtml/Pixel/Edit/Tabs.php
app/code/local/Xcentia/Pixels/Block/Adminhtml/Pixel/Grid.php
app/code/local/Xcentia/Pixels/Block/Adminhtml/Vote.php
app/code/local/Xcentia/Pixels/Block/Adminhtml/Vote/Edit.php
app/code/local/Xcentia/Pixels/Block/Adminhtml/Vote/Edit/Form.php
app/code/local/Xcentia/Pixels/Block/Adminhtml/Vote/Edit/Tab/Form.php
app/code/local/Xcentia/Pixels/Block/Adminhtml/Vote/Edit/Tabs.php
app/code/local/Xcentia/Pixels/Block/Adminhtml/Vote/Grid.php
app/code/local/Xcentia/Pixels/Block/Pixel/View.php
app/code/local/Xcentia/Pixels/Controller/Adminhtml/Pixels.php
app/code/local/Xcentia/Pixels/Helper/Data.php
app/code/local/Xcentia/Pixels/Helper/Pixel.php
app/code/local/Xcentia/Pixels/Model/Adminhtml/Search/Object.php
app/code/local/Xcentia/Pixels/Model/Adminhtml/Search/Pixel.php
app/code/local/Xcentia/Pixels/Model/Object.php
app/code/local/Xcentia/Pixels/Model/Pixel.php
app/code/local/Xcentia/Pixels/Model/Resource/Object.php
app/code/local/Xcentia/Pixels/Model/Resource/Object/Collection.php
app/code/local/Xcentia/Pixels/Model/Resource/Pixel.php
app/code/local/Xcentia/Pixels/Model/Resource/Pixel/Collection.php
app/code/local/Xcentia/Pixels/Model/Resource/Setup.php
app/code/local/Xcentia/Pixels/Model/Resource/Vote.php
app/code/local/Xcentia/Pixels/Model/Resource/Vote/Collection.php
app/code/local/Xcentia/Pixels/Model/Vote.php
app/code/local/Xcentia/Pixels/controllers/Adminhtml/Pixels/ObjectController.php
app/code/local/Xcentia/Pixels/controllers/Adminhtml/Pixels/PixelController.php
app/code/local/Xcentia/Pixels/controllers/Adminhtml/Pixels/VoteController.php
app/code/local/Xcentia/Pixels/controllers/PixelController.php
app/code/local/Xcentia/Pixels/etc/adminhtml.xml
app/code/local/Xcentia/Pixels/etc/config.xml
app/code/local/Xcentia/Pixels/etc/system.xml
app/code/local/Xcentia/Pixels/sql/xcentia_pixels_setup/install-1.0.0.php
app/design/adminhtml/default/default/layout/xcentia_pixels.xml
app/design/frontend/base/default/layout/xcentia_pixels.xml
app/design/frontend/base/default/template/xcentia_pixels/pixel/view.phtml
app/etc/modules/Xcentia_Pixels.xml
app/locale/en_US/Xcentia_Pixels.csv