app/code/local/Xcentia/Vendors/Block/Adminhtml/Catalog/Category/Tab/Service.php
app/code/local/Xcentia/Vendors/Block/Adminhtml/Catalog/Category/Tab/Vendor.php
app/code/local/Xcentia/Vendors/Block/Adminhtml/Coverage.php
app/code/local/Xcentia/Vendors/Block/Adminhtml/Coverage/Edit.php
app/code/local/Xcentia/Vendors/Block/Adminhtml/Coverage/Edit/Form.php
app/code/local/Xcentia/Vendors/Block/Adminhtml/Coverage/Edit/Tab/Form.php
app/code/local/Xcentia/Vendors/Block/Adminhtml/Coverage/Edit/Tabs.php
app/code/local/Xcentia/Vendors/Block/Adminhtml/Coverage/Grid.php
app/code/local/Xcentia/Vendors/Block/Adminhtml/Helper/Column/Renderer/Parent.php
app/code/local/Xcentia/Vendors/Block/Adminhtml/Helper/Column/Renderer/Relation.php
app/code/local/Xcentia/Vendors/Block/Adminhtml/Order.php
app/code/local/Xcentia/Vendors/Block/Adminhtml/Order/Edit.php
app/code/local/Xcentia/Vendors/Block/Adminhtml/Order/Edit/Form.php
app/code/local/Xcentia/Vendors/Block/Adminhtml/Order/Edit/Tab/Form.php
app/code/local/Xcentia/Vendors/Block/Adminhtml/Order/Edit/Tabs.php
app/code/local/Xcentia/Vendors/Block/Adminhtml/Order/Grid.php
app/code/local/Xcentia/Vendors/Block/Adminhtml/Service.php
app/code/local/Xcentia/Vendors/Block/Adminhtml/Service/Edit.php
app/code/local/Xcentia/Vendors/Block/Adminhtml/Service/Edit/Form.php
app/code/local/Xcentia/Vendors/Block/Adminhtml/Service/Edit/Tab/Categories.php
app/code/local/Xcentia/Vendors/Block/Adminhtml/Service/Edit/Tab/Form.php
app/code/local/Xcentia/Vendors/Block/Adminhtml/Service/Edit/Tabs.php
app/code/local/Xcentia/Vendors/Block/Adminhtml/Service/Grid.php
app/code/local/Xcentia/Vendors/Block/Adminhtml/Servicemap.php
app/code/local/Xcentia/Vendors/Block/Adminhtml/Servicemap/Edit.php
app/code/local/Xcentia/Vendors/Block/Adminhtml/Servicemap/Edit/Form.php
app/code/local/Xcentia/Vendors/Block/Adminhtml/Servicemap/Edit/Tab/Form.php
app/code/local/Xcentia/Vendors/Block/Adminhtml/Servicemap/Edit/Tabs.php
app/code/local/Xcentia/Vendors/Block/Adminhtml/Servicemap/Grid.php
app/code/local/Xcentia/Vendors/Block/Adminhtml/Vendor.php
app/code/local/Xcentia/Vendors/Block/Adminhtml/Vendor/Comment.php
app/code/local/Xcentia/Vendors/Block/Adminhtml/Vendor/Comment/Edit.php
app/code/local/Xcentia/Vendors/Block/Adminhtml/Vendor/Comment/Edit/Form.php
app/code/local/Xcentia/Vendors/Block/Adminhtml/Vendor/Comment/Edit/Tab/Form.php
app/code/local/Xcentia/Vendors/Block/Adminhtml/Vendor/Comment/Edit/Tabs.php
app/code/local/Xcentia/Vendors/Block/Adminhtml/Vendor/Comment/Grid.php
app/code/local/Xcentia/Vendors/Block/Adminhtml/Vendor/Edit.php
app/code/local/Xcentia/Vendors/Block/Adminhtml/Vendor/Edit/Form.php
app/code/local/Xcentia/Vendors/Block/Adminhtml/Vendor/Edit/Tab/Categories.php
app/code/local/Xcentia/Vendors/Block/Adminhtml/Vendor/Edit/Tab/Form.php
app/code/local/Xcentia/Vendors/Block/Adminhtml/Vendor/Edit/Tab/Meta.php
app/code/local/Xcentia/Vendors/Block/Adminhtml/Vendor/Edit/Tabs.php
app/code/local/Xcentia/Vendors/Block/Adminhtml/Vendor/Grid.php
app/code/local/Xcentia/Vendors/Block/Adminhtml/Vendor/Helper/Image.php
app/code/local/Xcentia/Vendors/Block/Adminhtml/Vendorservice.php
app/code/local/Xcentia/Vendors/Block/Adminhtml/Vendorservice/Edit.php
app/code/local/Xcentia/Vendors/Block/Adminhtml/Vendorservice/Edit/Form.php
app/code/local/Xcentia/Vendors/Block/Adminhtml/Vendorservice/Edit/Tab/Form.php
app/code/local/Xcentia/Vendors/Block/Adminhtml/Vendorservice/Edit/Tabs.php
app/code/local/Xcentia/Vendors/Block/Adminhtml/Vendorservice/Grid.php
app/code/local/Xcentia/Vendors/Block/Catalog/Category/List/Service.php
app/code/local/Xcentia/Vendors/Block/Coverage/List.php
app/code/local/Xcentia/Vendors/Block/Order/List.php
app/code/local/Xcentia/Vendors/Block/Order/View.php
app/code/local/Xcentia/Vendors/Block/Service/List.php
app/code/local/Xcentia/Vendors/Block/Vendor/Catalog/Category/List.php
app/code/local/Xcentia/Vendors/Block/Vendor/Comment/Form.php
app/code/local/Xcentia/Vendors/Block/Vendor/Comment/List.php
app/code/local/Xcentia/Vendors/Block/Vendor/Coverage/List.php
app/code/local/Xcentia/Vendors/Block/Vendor/Customer/Comment/List.php
app/code/local/Xcentia/Vendors/Block/Vendor/Customer/Comment/View.php
app/code/local/Xcentia/Vendors/Block/Vendor/List.php
app/code/local/Xcentia/Vendors/Block/Vendor/Order/List.php
app/code/local/Xcentia/Vendors/Block/Vendor/View.php
app/code/local/Xcentia/Vendors/Controller/Adminhtml/Vendors.php
app/code/local/Xcentia/Vendors/Helper/Category.php
app/code/local/Xcentia/Vendors/Helper/Data.php
app/code/local/Xcentia/Vendors/Helper/Image/Abstract.php
app/code/local/Xcentia/Vendors/Helper/Order.php
app/code/local/Xcentia/Vendors/Helper/Vendor.php
app/code/local/Xcentia/Vendors/Helper/Vendor/Image.php
app/code/local/Xcentia/Vendors/Model/Adminhtml/Observer.php
app/code/local/Xcentia/Vendors/Model/Adminhtml/Search/Service.php
app/code/local/Xcentia/Vendors/Model/Adminhtml/Search/Servicemap.php
app/code/local/Xcentia/Vendors/Model/Adminhtml/Search/Vendorservice.php
app/code/local/Xcentia/Vendors/Model/Adminhtml/Source/Yesnodefault.php
app/code/local/Xcentia/Vendors/Model/Api2/Coverage.php
app/code/local/Xcentia/Vendors/Model/Api2/Coverage/Rest.php
app/code/local/Xcentia/Vendors/Model/Api2/Coverage/Rest/Admin/V1.php
app/code/local/Xcentia/Vendors/Model/Api2/Coverage/Rest/Customer/V1.php
app/code/local/Xcentia/Vendors/Model/Api2/Coverage/Rest/Guest/V1.php
app/code/local/Xcentia/Vendors/Model/Api2/Order.php
app/code/local/Xcentia/Vendors/Model/Api2/Order/Rest.php
app/code/local/Xcentia/Vendors/Model/Api2/Order/Rest/Admin/V1.php
app/code/local/Xcentia/Vendors/Model/Api2/Order/Rest/Customer/V1.php
app/code/local/Xcentia/Vendors/Model/Api2/Order/Rest/Guest/V1.php
app/code/local/Xcentia/Vendors/Model/Api2/Service.php
app/code/local/Xcentia/Vendors/Model/Api2/Service/Rest.php
app/code/local/Xcentia/Vendors/Model/Api2/Service/Rest/Admin/V1.php
app/code/local/Xcentia/Vendors/Model/Api2/Service/Rest/Customer/V1.php
app/code/local/Xcentia/Vendors/Model/Api2/Service/Rest/Guest/V1.php
app/code/local/Xcentia/Vendors/Model/Api2/Servicemap.php
app/code/local/Xcentia/Vendors/Model/Api2/Servicemap/Rest.php
app/code/local/Xcentia/Vendors/Model/Api2/Servicemap/Rest/Admin/V1.php
app/code/local/Xcentia/Vendors/Model/Api2/Servicemap/Rest/Customer/V1.php
app/code/local/Xcentia/Vendors/Model/Api2/Servicemap/Rest/Guest/V1.php
app/code/local/Xcentia/Vendors/Model/Api2/Vendor.php
app/code/local/Xcentia/Vendors/Model/Api2/Vendor/Rest.php
app/code/local/Xcentia/Vendors/Model/Api2/Vendor/Rest/Admin/V1.php
app/code/local/Xcentia/Vendors/Model/Api2/Vendor/Rest/Customer/V1.php
app/code/local/Xcentia/Vendors/Model/Api2/Vendor/Rest/Guest/V1.php
app/code/local/Xcentia/Vendors/Model/Api2/Vendorservice.php
app/code/local/Xcentia/Vendors/Model/Api2/Vendorservice/Rest.php
app/code/local/Xcentia/Vendors/Model/Api2/Vendorservice/Rest/Admin/V1.php
app/code/local/Xcentia/Vendors/Model/Api2/Vendorservice/Rest/Customer/V1.php
app/code/local/Xcentia/Vendors/Model/Api2/Vendorservice/Rest/Guest/V1.php
app/code/local/Xcentia/Vendors/Model/Attribute/Source/Country.php
app/code/local/Xcentia/Vendors/Model/Coverage.php
app/code/local/Xcentia/Vendors/Model/Order.php
app/code/local/Xcentia/Vendors/Model/Resource/Coverage.php
app/code/local/Xcentia/Vendors/Model/Resource/Coverage/Collection.php
app/code/local/Xcentia/Vendors/Model/Resource/Order.php
app/code/local/Xcentia/Vendors/Model/Resource/Order/Collection.php
app/code/local/Xcentia/Vendors/Model/Resource/Service.php
app/code/local/Xcentia/Vendors/Model/Resource/Service/Category.php
app/code/local/Xcentia/Vendors/Model/Resource/Service/Category/Collection.php
app/code/local/Xcentia/Vendors/Model/Resource/Service/Collection.php
app/code/local/Xcentia/Vendors/Model/Resource/Servicemap.php
app/code/local/Xcentia/Vendors/Model/Resource/Servicemap/Collection.php
app/code/local/Xcentia/Vendors/Model/Resource/Setup.php
app/code/local/Xcentia/Vendors/Model/Resource/Vendor.php
app/code/local/Xcentia/Vendors/Model/Resource/Vendor/Category.php
app/code/local/Xcentia/Vendors/Model/Resource/Vendor/Category/Collection.php
app/code/local/Xcentia/Vendors/Model/Resource/Vendor/Collection.php
app/code/local/Xcentia/Vendors/Model/Resource/Vendor/Comment.php
app/code/local/Xcentia/Vendors/Model/Resource/Vendor/Comment/Collection.php
app/code/local/Xcentia/Vendors/Model/Resource/Vendor/Comment/Vendor/Collection.php
app/code/local/Xcentia/Vendors/Model/Resource/Vendorservice.php
app/code/local/Xcentia/Vendors/Model/Resource/Vendorservice/Collection.php
app/code/local/Xcentia/Vendors/Model/Service.php
app/code/local/Xcentia/Vendors/Model/Service/Category.php
app/code/local/Xcentia/Vendors/Model/Servicemap.php
app/code/local/Xcentia/Vendors/Model/Vendor.php
app/code/local/Xcentia/Vendors/Model/Vendor/Category.php
app/code/local/Xcentia/Vendors/Model/Vendor/Comment.php
app/code/local/Xcentia/Vendors/Model/Vendor/Source.php
app/code/local/Xcentia/Vendors/Model/Vendorservice.php
app/code/local/Xcentia/Vendors/controllers/Adminhtml/Vendors/CoverageController.php
app/code/local/Xcentia/Vendors/controllers/Adminhtml/Vendors/OrderController.php
app/code/local/Xcentia/Vendors/controllers/Adminhtml/Vendors/Service/Catalog/CategoryController.php
app/code/local/Xcentia/Vendors/controllers/Adminhtml/Vendors/ServiceController.php
app/code/local/Xcentia/Vendors/controllers/Adminhtml/Vendors/ServicemapController.php
app/code/local/Xcentia/Vendors/controllers/Adminhtml/Vendors/Vendor/Catalog/CategoryController.php
app/code/local/Xcentia/Vendors/controllers/Adminhtml/Vendors/Vendor/CommentController.php
app/code/local/Xcentia/Vendors/controllers/Adminhtml/Vendors/VendorController.php
app/code/local/Xcentia/Vendors/controllers/Adminhtml/Vendors/VendorserviceController.php
app/code/local/Xcentia/Vendors/controllers/OrderController.php
app/code/local/Xcentia/Vendors/controllers/Vendor/Customer/CommentController.php
app/code/local/Xcentia/Vendors/controllers/VendorController.php
app/code/local/Xcentia/Vendors/etc/adminhtml.xml
app/code/local/Xcentia/Vendors/etc/api2.xml
app/code/local/Xcentia/Vendors/etc/config.xml
app/code/local/Xcentia/Vendors/etc/system.xml
app/code/local/Xcentia/Vendors/sql/xcentia_vendors_setup/install-1.0.0.php
app/design/adminhtml/default/default/layout/xcentia_vendors.xml
app/design/adminhtml/default/default/template/xcentia_vendors/service/edit/tab/categories.phtml
app/design/adminhtml/default/default/template/xcentia_vendors/vendor/edit/tab/categories.phtml
app/design/frontend/base/default/layout/xcentia_vendors.xml
app/design/frontend/base/default/template/xcentia_vendors/catalog/category/list/service.phtml
app/design/frontend/base/default/template/xcentia_vendors/order/list.phtml
app/design/frontend/base/default/template/xcentia_vendors/order/view.phtml
app/design/frontend/base/default/template/xcentia_vendors/vendor/catalog/category/list.phtml
app/design/frontend/base/default/template/xcentia_vendors/vendor/comment/form.phtml
app/design/frontend/base/default/template/xcentia_vendors/vendor/comment/list.phtml
app/design/frontend/base/default/template/xcentia_vendors/vendor/coverage/list.phtml
app/design/frontend/base/default/template/xcentia_vendors/vendor/customer/comment/list.phtml
app/design/frontend/base/default/template/xcentia_vendors/vendor/customer/comment/view.phtml
app/design/frontend/base/default/template/xcentia_vendors/vendor/list.phtml
app/design/frontend/base/default/template/xcentia_vendors/vendor/order/list.phtml
app/design/frontend/base/default/template/xcentia_vendors/vendor/view.phtml
app/etc/modules/Xcentia_Vendors.xml
app/locale/en_US/Xcentia_Vendors.csv
skin/frontend/base/default/images/placeholder/vendor.jpg