app/code/local/Xcentia/Zoom/Block/Adminhtml/Meeting.php
app/code/local/Xcentia/Zoom/Block/Adminhtml/Meeting/Edit.php
app/code/local/Xcentia/Zoom/Block/Adminhtml/Meeting/Edit/Form.php
app/code/local/Xcentia/Zoom/Block/Adminhtml/Meeting/Edit/Tab/Form.php
app/code/local/Xcentia/Zoom/Block/Adminhtml/Meeting/Edit/Tabs.php
app/code/local/Xcentia/Zoom/Block/Adminhtml/Meeting/Grid.php
app/code/local/Xcentia/Zoom/Block/Adminhtml/User.php
app/code/local/Xcentia/Zoom/Block/Adminhtml/User/Edit.php
app/code/local/Xcentia/Zoom/Block/Adminhtml/User/Edit/Form.php
app/code/local/Xcentia/Zoom/Block/Adminhtml/User/Edit/Tab/Form.php
app/code/local/Xcentia/Zoom/Block/Adminhtml/User/Edit/Tabs.php
app/code/local/Xcentia/Zoom/Block/Adminhtml/User/Grid.php
app/code/local/Xcentia/Zoom/Controller/Adminhtml/Zoom.php
app/code/local/Xcentia/Zoom/Helper/Data.php
app/code/local/Xcentia/Zoom/Model/Adminhtml/Search/Meeting.php
app/code/local/Xcentia/Zoom/Model/Adminhtml/Search/User.php
app/code/local/Xcentia/Zoom/Model/Meeting.php
app/code/local/Xcentia/Zoom/Model/Resource/Meeting.php
app/code/local/Xcentia/Zoom/Model/Resource/Meeting/Collection.php
app/code/local/Xcentia/Zoom/Model/Resource/Setup.php
app/code/local/Xcentia/Zoom/Model/Resource/User.php
app/code/local/Xcentia/Zoom/Model/Resource/User/Collection.php
app/code/local/Xcentia/Zoom/Model/User.php
app/code/local/Xcentia/Zoom/controllers/Adminhtml/Zoom/MeetingController.php
app/code/local/Xcentia/Zoom/controllers/Adminhtml/Zoom/UserController.php
app/code/local/Xcentia/Zoom/etc/adminhtml.xml
app/code/local/Xcentia/Zoom/etc/config.xml
app/code/local/Xcentia/Zoom/sql/xcentia_zoom_setup/install-1.0.0.php
app/design/adminhtml/default/default/layout/xcentia_zoom.xml
app/etc/modules/Xcentia_Zoom.xml
app/locale/en_US/Xcentia_Zoom.csv