app/code/local/Xcentia/Technology/Block/Adminhtml/Technology.php
app/code/local/Xcentia/Technology/Block/Adminhtml/Technology/Edit.php
app/code/local/Xcentia/Technology/Block/Adminhtml/Technology/Edit/Form.php
app/code/local/Xcentia/Technology/Block/Adminhtml/Technology/Edit/Tab/Form.php
app/code/local/Xcentia/Technology/Block/Adminhtml/Technology/Edit/Tabs.php
app/code/local/Xcentia/Technology/Block/Adminhtml/Technology/Grid.php
app/code/local/Xcentia/Technology/Block/Adminhtml/Technology/Helper/Image.php
app/code/local/Xcentia/Technology/Block/Technology/View.php
app/code/local/Xcentia/Technology/Controller/Adminhtml/Technology.php
app/code/local/Xcentia/Technology/Helper/Data.php
app/code/local/Xcentia/Technology/Helper/Image/Abstract.php
app/code/local/Xcentia/Technology/Helper/Technology.php
app/code/local/Xcentia/Technology/Helper/Technology/Image.php
app/code/local/Xcentia/Technology/Model/Resource/Setup.php
app/code/local/Xcentia/Technology/Model/Resource/Technology.php
app/code/local/Xcentia/Technology/Model/Resource/Technology/Collection.php
app/code/local/Xcentia/Technology/Model/Technology.php
app/code/local/Xcentia/Technology/controllers/Adminhtml/Technology/TechnologyController.php
app/code/local/Xcentia/Technology/controllers/TechnologyController.php
app/code/local/Xcentia/Technology/etc/adminhtml.xml
app/code/local/Xcentia/Technology/etc/config.xml
app/code/local/Xcentia/Technology/etc/system.xml
app/code/local/Xcentia/Technology/sql/xcentia_technology_setup/install-1.0.0.php
app/design/adminhtml/default/default/layout/xcentia_technology.xml
app/design/frontend/base/default/layout/xcentia_technology.xml
app/design/frontend/base/default/template/xcentia_technology/technology/view.phtml
app/etc/modules/Xcentia_Technology.xml
app/locale/en_US/Xcentia_Technology.csv
skin/frontend/base/default/images/placeholder/technology.jpg