app/code/local/Xcentia/Response/Block/Adminhtml/Form.php
app/code/local/Xcentia/Response/Block/Adminhtml/Form/Attribute.php
app/code/local/Xcentia/Response/Block/Adminhtml/Form/Attribute/Edit.php
app/code/local/Xcentia/Response/Block/Adminhtml/Form/Attribute/Edit/Form.php
app/code/local/Xcentia/Response/Block/Adminhtml/Form/Attribute/Edit/Tab/Main.php
app/code/local/Xcentia/Response/Block/Adminhtml/Form/Attribute/Edit/Tab/Options.php
app/code/local/Xcentia/Response/Block/Adminhtml/Form/Attribute/Edit/Tabs.php
app/code/local/Xcentia/Response/Block/Adminhtml/Form/Attribute/Grid.php
app/code/local/Xcentia/Response/Block/Adminhtml/Form/Comment.php
app/code/local/Xcentia/Response/Block/Adminhtml/Form/Comment/Edit.php
app/code/local/Xcentia/Response/Block/Adminhtml/Form/Comment/Edit/Form.php
app/code/local/Xcentia/Response/Block/Adminhtml/Form/Comment/Edit/Tab/Form.php
app/code/local/Xcentia/Response/Block/Adminhtml/Form/Comment/Edit/Tab/Stores.php
app/code/local/Xcentia/Response/Block/Adminhtml/Form/Comment/Edit/Tabs.php
app/code/local/Xcentia/Response/Block/Adminhtml/Form/Comment/Grid.php
app/code/local/Xcentia/Response/Block/Adminhtml/Form/Edit.php
app/code/local/Xcentia/Response/Block/Adminhtml/Form/Edit/Form.php
app/code/local/Xcentia/Response/Block/Adminhtml/Form/Edit/Tab/Attributes.php
app/code/local/Xcentia/Response/Block/Adminhtml/Form/Edit/Tabs.php
app/code/local/Xcentia/Response/Block/Adminhtml/Form/Grid.php
app/code/local/Xcentia/Response/Block/Adminhtml/Form/Helper/File.php
app/code/local/Xcentia/Response/Block/Adminhtml/Form/Helper/Image.php
app/code/local/Xcentia/Response/Block/Adminhtml/Form/Widget/Chooser.php
app/code/local/Xcentia/Response/Block/Adminhtml/Response/Helper/Form/Wysiwyg/Content.php
app/code/local/Xcentia/Response/Block/Adminhtml/Response/Renderer/Fieldset/Element.php
app/code/local/Xcentia/Response/Block/Form/Comment/Form.php
app/code/local/Xcentia/Response/Block/Form/Comment/List.php
app/code/local/Xcentia/Response/Block/Form/Customer/Comment/List.php
app/code/local/Xcentia/Response/Block/Form/Customer/Comment/View.php
app/code/local/Xcentia/Response/Block/Form/List.php
app/code/local/Xcentia/Response/Block/Form/Rss.php
app/code/local/Xcentia/Response/Block/Form/View.php
app/code/local/Xcentia/Response/Block/Form/Widget/Link.php
app/code/local/Xcentia/Response/Block/Form/Widget/View.php
app/code/local/Xcentia/Response/Block/Rss.php
app/code/local/Xcentia/Response/Controller/Router.php
app/code/local/Xcentia/Response/Helper/Data.php
app/code/local/Xcentia/Response/Helper/Form.php
app/code/local/Xcentia/Response/Helper/Form/Image.php
app/code/local/Xcentia/Response/Helper/Image/Abstract.php
app/code/local/Xcentia/Response/Model/Adminhtml/Search/Form.php
app/code/local/Xcentia/Response/Model/Adminhtml/Source/Yesnodefault.php
app/code/local/Xcentia/Response/Model/Attribute.php
app/code/local/Xcentia/Response/Model/Form.php
app/code/local/Xcentia/Response/Model/Form/Attribute/Backend/File.php
app/code/local/Xcentia/Response/Model/Form/Attribute/Backend/Image.php
app/code/local/Xcentia/Response/Model/Form/Attribute/Backend/Urlkey.php
app/code/local/Xcentia/Response/Model/Form/Comment.php
app/code/local/Xcentia/Response/Model/Resource/Attribute.php
app/code/local/Xcentia/Response/Model/Resource/Eav/Attribute.php
app/code/local/Xcentia/Response/Model/Resource/Form.php
app/code/local/Xcentia/Response/Model/Resource/Form/Attribute/Collection.php
app/code/local/Xcentia/Response/Model/Resource/Form/Collection.php
app/code/local/Xcentia/Response/Model/Resource/Form/Comment.php
app/code/local/Xcentia/Response/Model/Resource/Form/Comment/Collection.php
app/code/local/Xcentia/Response/Model/Resource/Form/Comment/Form/Collection.php
app/code/local/Xcentia/Response/Model/Resource/Setup.php
app/code/local/Xcentia/Response/controllers/Adminhtml/Response/Form/AttributeController.php
app/code/local/Xcentia/Response/controllers/Adminhtml/Response/Form/CommentController.php
app/code/local/Xcentia/Response/controllers/Adminhtml/Response/Form/WidgetController.php
app/code/local/Xcentia/Response/controllers/Adminhtml/Response/FormController.php
app/code/local/Xcentia/Response/controllers/Form/Customer/CommentController.php
app/code/local/Xcentia/Response/controllers/FormController.php
app/code/local/Xcentia/Response/etc/adminhtml.xml
app/code/local/Xcentia/Response/etc/config.xml
app/code/local/Xcentia/Response/etc/system.xml
app/code/local/Xcentia/Response/etc/widget.xml
app/code/local/Xcentia/Response/sql/xcentia_response_setup/install-1.0.0.php
app/design/adminhtml/default/default/layout/xcentia_response.xml
app/design/adminhtml/default/default/template/xcentia_response/attribute/js.phtml
app/design/adminhtml/default/default/template/xcentia_response/form/renderer/fieldset/element.phtml
app/design/adminhtml/default/default/template/xcentia_response/grid.phtml
app/design/frontend/base/default/layout/xcentia_response.xml
app/design/frontend/base/default/template/xcentia_response/form/comment/form.phtml
app/design/frontend/base/default/template/xcentia_response/form/comment/list.phtml
app/design/frontend/base/default/template/xcentia_response/form/customer/comment/list.phtml
app/design/frontend/base/default/template/xcentia_response/form/customer/comment/view.phtml
app/design/frontend/base/default/template/xcentia_response/form/list.phtml
app/design/frontend/base/default/template/xcentia_response/form/view.phtml
app/design/frontend/base/default/template/xcentia_response/form/widget/link.phtml
app/design/frontend/base/default/template/xcentia_response/form/widget/view.phtml
app/design/frontend/base/default/template/xcentia_response/rss.phtml
app/etc/modules/Xcentia_Response.xml
app/locale/en_US/Xcentia_Response.csv
skin/frontend/base/default/images/placeholder/form.jpg